<?xml version="1.0" encoding="UTF-8"?>
<testsuites>
  <testsuite name="fastlane.lanes">
    
    
    
      
      <testcase classname="fastlane.lanes" name="0: default_platform" time="0.0070053">
        
      </testcase>
    
      
      <testcase classname="fastlane.lanes" name="1: gradle" time="2.7302372">
        
      </testcase>
    
      
      <testcase classname="fastlane.lanes" name="2: instrumented_tests" time="72.3744963">
        
          <failure message="C:/Ruby26-x64/lib/ruby/gems/2.6.0/gems/fastlane-2.130.0/fastlane/lib/fastlane/actions/actions_helper.rb:48:in `execute_action'&#10;C:/Ruby26-x64/lib/ruby/gems/2.6.0/gems/fastlane-2.130.0/fastlane/lib/fastlane/runner.rb:235:in `block in execute_action'&#10;C:/Ruby26-x64/lib/ruby/gems/2.6.0/gems/fastlane-2.130.0/fastlane/lib/fastlane/runner.rb:227:in `chdir'&#10;C:/Ruby26-x64/lib/ruby/gems/2.6.0/gems/fastlane-2.130.0/fastlane/lib/fastlane/runner.rb:227:in `execute_action'&#10;C:/Ruby26-x64/lib/ruby/gems/2.6.0/gems/fastlane-2.130.0/fastlane/lib/fastlane/runner.rb:157:in `trigger_action_by_name'&#10;C:/Ruby26-x64/lib/ruby/gems/2.6.0/gems/fastlane-2.130.0/fastlane/lib/fastlane/fast_file.rb:154:in `method_missing'&#10;Fastfile:37:in `block (3 levels) in parsing_binding'&#10;Fastfile:33:in `each'&#10;Fastfile:33:in `block (2 levels) in parsing_binding'&#10;C:/Ruby26-x64/lib/ruby/gems/2.6.0/gems/fastlane-2.130.0/fastlane/lib/fastlane/lane.rb:33:in `call'&#10;C:/Ruby26-x64/lib/ruby/gems/2.6.0/gems/fastlane-2.130.0/fastlane/lib/fastlane/runner.rb:49:in `block in execute'&#10;C:/Ruby26-x64/lib/ruby/gems/2.6.0/gems/fastlane-2.130.0/fastlane/lib/fastlane/runner.rb:45:in `chdir'&#10;C:/Ruby26-x64/lib/ruby/gems/2.6.0/gems/fastlane-2.130.0/fastlane/lib/fastlane/runner.rb:45:in `execute'&#10;C:/Ruby26-x64/lib/ruby/gems/2.6.0/gems/fastlane-2.130.0/fastlane/lib/fastlane/lane_manager.rb:56:in `cruise_lane'&#10;C:/Ruby26-x64/lib/ruby/gems/2.6.0/gems/fastlane-2.130.0/fastlane/lib/fastlane/command_line_handler.rb:36:in `handle'&#10;C:/Ruby26-x64/lib/ruby/gems/2.6.0/gems/fastlane-2.130.0/fastlane/lib/fastlane/commands_generator.rb:108:in `block (2 levels) in run'&#10;C:/Ruby26-x64/lib/ruby/gems/2.6.0/gems/commander-fastlane-4.4.6/lib/commander/command.rb:178:in `call'&#10;C:/Ruby26-x64/lib/ruby/gems/2.6.0/gems/commander-fastlane-4.4.6/lib/commander/command.rb:153:in `run'&#10;C:/Ruby26-x64/lib/ruby/gems/2.6.0/gems/commander-fastlane-4.4.6/lib/commander/runner.rb:476:in `run_active_command'&#10;C:/Ruby26-x64/lib/ruby/gems/2.6.0/gems/fastlane-2.130.0/fastlane_core/lib/fastlane_core/ui/fastlane_runner.rb:76:in `run!'&#10;C:/Ruby26-x64/lib/ruby/gems/2.6.0/gems/commander-fastlane-4.4.6/lib/commander/delegates.rb:15:in `run!'&#10;C:/Ruby26-x64/lib/ruby/gems/2.6.0/gems/fastlane-2.130.0/fastlane/lib/fastlane/commands_generator.rb:349:in `run'&#10;C:/Ruby26-x64/lib/ruby/gems/2.6.0/gems/fastlane-2.130.0/fastlane/lib/fastlane/commands_generator.rb:41:in `start'&#10;C:/Ruby26-x64/lib/ruby/gems/2.6.0/gems/fastlane-2.130.0/fastlane/lib/fastlane/cli_tools_distributor.rb:119:in `take_off'&#10;C:/Ruby26-x64/lib/ruby/gems/2.6.0/gems/fastlane-2.130.0/bin/fastlane:23:in `&lt;top (required)&gt;'&#10;C:/Ruby26-x64/bin/fastlane:23:in `load'&#10;C:/Ruby26-x64/bin/fastlane:23:in `&lt;main&gt;'&#10;&#10;Exit status of command 'C:/Users/E5852/Documents/GitHub/NetWork/Retrofit/retrofit_montepio/gradlew connectedCheck -p .' was 1 instead of 0.&#10;&gt; Task :app:preBuild UP-TO-DATE&#10;&gt; Task :app:preDebugBuild UP-TO-DATE&#10;&gt; Task :app:compileDebugAidl NO-SOURCE&#10;&gt; Task :app:checkDebugManifest UP-TO-DATE&#10;&gt; Task :app:compileDebugRenderscript NO-SOURCE&#10;&gt; Task :app:generateDebugBuildConfig UP-TO-DATE&#10;&gt; Task :app:javaPreCompileDebug UP-TO-DATE&#10;&gt; Task :app:mainApkListPersistenceDebug UP-TO-DATE&#10;&gt; Task :app:generateDebugResValues UP-TO-DATE&#10;&gt; Task :app:generateDebugResources UP-TO-DATE&#10;&gt; Task :app:mergeDebugResources UP-TO-DATE&#10;&gt; Task :app:createDebugCompatibleScreenManifests UP-TO-DATE&#10;&gt; Task :app:processDebugManifest UP-TO-DATE&#10;&gt; Task :app:processDebugResources UP-TO-DATE&#10;&gt; Task :app:compileDebugJavaWithJavac UP-TO-DATE&#10;&gt; Task :app:mergeDebugShaders UP-TO-DATE&#10;&gt; Task :app:compileDebugShaders&#10;&gt; Task :app:generateDebugAssets&#10;&gt; Task :app:mergeDebugAssets UP-TO-DATE&#10;&gt; Task :app:processDebugJavaRes NO-SOURCE&#10;&gt; Task :app:checkDebugDuplicateClasses&#10;&gt; Task :app:mergeDebugJavaResource&#10;&gt; Task :app:desugarDebugFileDependencies&#10;&gt; Task :app:transformClassesWithDexBuilderForDebug&#10;&gt; Task :app:validateSigningDebug UP-TO-DATE&#10;&gt; Task :app:signingConfigWriterDebug UP-TO-DATE&#10;&gt; Task :app:mergeDebugJniLibFolders UP-TO-DATE&#10;&gt; Task :app:preDebugAndroidTestBuild SKIPPED&#10;&gt; Task :app:compileDebugAndroidTestAidl NO-SOURCE&#10;&gt; Task :app:processDebugAndroidTestManifest UP-TO-DATE&#10;&gt; Task :app:compileDebugAndroidTestRenderscript NO-SOURCE&#10;&gt; Task :app:generateDebugAndroidTestBuildConfig UP-TO-DATE&#10;&gt; Task :app:mainApkListPersistenceDebugAndroidTest&#10;&gt; Task :app:generateDebugAndroidTestResValues UP-TO-DATE&#10;&gt; Task :app:generateDebugAndroidTestResources UP-TO-DATE&#10;&gt; Task :app:mergeDebugAndroidTestResources UP-TO-DATE&#10;&gt; Task :app:bundleDebugClasses&#10;&gt; Task :app:javaPreCompileDebugAndroidTest&#10;&gt; Task :app:processDebugAndroidTestResources&#10;&#10;&gt; Task :app:compileDebugAndroidTestJavaWithJavac&#10;Note: C:\Users\E5852\Documents\GitHub\NetWork\Retrofit\retrofit_montepio\app\src\androidTest\java\com\example\retrofit_montepio\ExampleInstrumentedTest.java uses or overrides a deprecated API.&#10;Note: Recompile with -Xlint:deprecation for details.&#10;&#10;&gt; Task :app:mergeDebugAndroidTestShaders UP-TO-DATE&#10;&gt; Task :app:compileDebugAndroidTestShaders&#10;&gt; Task :app:generateDebugAndroidTestAssets&#10;&gt; Task :app:mergeDebugAndroidTestAssets UP-TO-DATE&#10;&gt; Task :app:mergeDebugNativeLibs&#10;&gt; Task :app:stripDebugDebugSymbols UP-TO-DATE&#10;&gt; Task :app:mergeExtDexDebug&#10;&gt; Task :app:processDebugAndroidTestJavaRes NO-SOURCE&#10;&gt; Task :app:mergeDebugAndroidTestJniLibFolders UP-TO-DATE&#10;&gt; Task :app:checkDebugAndroidTestDuplicateClasses&#10;&gt; Task :app:mergeDebugAndroidTestJavaResource&#10;&gt; Task :app:mergeDebugAndroidTestNativeLibs&#10;&gt; Task :app:mergeDexDebug&#10;&gt; Task :app:packageDebug&#10;&gt; Task :app:transformClassesWithDexBuilderForDebugAndroidTest&#10;&gt; Task :app:validateSigningDebugAndroidTest UP-TO-DATE&#10;&gt; Task :app:signingConfigWriterDebugAndroidTest UP-TO-DATE&#10;&gt; Task :app:desugarDebugAndroidTestFileDependencies&#10;&gt; Task :app:mergeExtDexDebugAndroidTest&#10;&gt; Task :app:mergeDexDebugAndroidTest&#10;&gt; Task :app:packageDebugAndroidTest&#10;&#10;&gt; Task :app:connectedDebugAndroidTest&#10;05:24:16 V/ddms: execute: running am get-config&#10;05:24:17 V/ddms: execute 'am get-config' on '1115fb73ad611a05' : EOF hit. Read: -1&#10;05:24:17 V/ddms: execute: returning&#10;05:24:17 V/ddms: execute: running am get-config&#10;05:24:20 V/ddms: execute 'am get-config' on 'emulator-5580' : EOF hit. Read: -1&#10;05:24:20 V/ddms: execute: returning&#10;&#10;05:24:20 D/Retrofit_Montepio-debug.apk: Uploading Retrofit_Montepio-debug.apk onto device '1115fb73ad611a05'&#10;05:24:20 D/Retrofit_Montepio-debug.apk: Uploading Retrofit_Montepio-debug.apk onto device 'emulator-5580'&#10;05:24:20 D/Device: Uploading file onto device 'emulator-5580'&#10;05:24:20 D/ddms: Reading file permision of C:\Users\E5852\Documents\GitHub\NetWork\Retrofit\retrofit_montepio\app\build\outputs\apk\debug\Retrofit_Montepio-debug.apk as: rwx------&#10;05:24:20 D/Device: Uploading file onto device '1115fb73ad611a05'&#10;05:24:20 D/ddms: Reading file permision of C:\Users\E5852\Documents\GitHub\NetWork\Retrofit\retrofit_montepio\app\build\outputs\apk\debug\Retrofit_Montepio-debug.apk as: rwx------&#10;05:24:20 V/ddms: execute: running pm install -r -t &quot;/data/local/tmp/Retrofit_Montepio-debug.apk&quot;&#10;05:24:21 V/ddms: execute: running pm install -r -t &quot;/data/local/tmp/Retrofit_Montepio-debug.apk&quot;&#10;05:24:24 V/ddms: execute 'pm install -r -t &quot;/data/local/tmp/Retrofit_Montepio-debug.apk&quot;' on 'emulator-5580' : EOF hit. Read: -1&#10;05:24:24 V/ddms: execute: returning&#10;05:24:24 I/XmlResultReporter: XML test result file generated at C:\Users\E5852\Documents\GitHub\NetWork\Retrofit\retrofit_montepio\app\build\outputs\androidTest-results\connected\TEST-test0(AVD) - 7.1.1-app-.xml. Total tests 1, failure 1, &#10;&#10;&gt; Task :app:connectedDebugAndroidTest&#10;Unable to install C:\Users\E5852\Documents\GitHub\NetWork\Retrofit\retrofit_montepio\app\build\outputs\apk\debug\Retrofit_Montepio-debug.apk&#10;com.android.ddmlib.InstallException: Unknown failure: Error: Could not access the Package Manager.  Is the system running?&#10;	at com.android.ddmlib.Device.installRemotePackage(Device.java:1133)&#10;	at com.android.ddmlib.Device.installPackage(Device.java:963)&#10;	at com.android.ddmlib.Device.installPackage(Device.java:939)&#10;	at com.android.ddmlib.Device.installPackage(Device.java:928)&#10;	at com.android.builder.testing.ConnectedDevice.installPackage(ConnectedDevice.java:126)&#10;	at com.android.builder.internal.testing.SimpleTestRunnable.run(SimpleTestRunnable.java:140)&#10;	at com.android.ide.common.workers.ExecutorServiceAdapter$submit$submission$1.run(ExecutorServiceAdapter.kt:68)&#10;	at java.util.concurrent.ForkJoinTask$AdaptedRunnableAction.exec(ForkJoinTask.java:1386)&#10;	at java.util.concurrent.ForkJoinTask.doExec(ForkJoinTask.java:289)&#10;	at java.util.concurrent.ForkJoinPool$WorkQueue.runTask(ForkJoinPool.java:1056)&#10;	at java.util.concurrent.ForkJoinPool.runWorker(ForkJoinPool.java:1692)&#10;	at java.util.concurrent.ForkJoinWorkerThread.run(ForkJoinWorkerThread.java:157)&#10;&#10;com.android.builder.testing.ConnectedDevice &gt; runTests[test0(AVD) - 7.1.1] [31mFAILED [0m&#10;	com.android.builder.testing.api.DeviceException: com.android.ddmlib.InstallException: Unknown failure: Error: Could not access the Package Manager.  Is the system running?&#10;		at com.android.builder.testing.ConnectedDevice.installPackage(ConnectedDevice.java:132)&#10;&#10;&#10;05:24:25 V/ddms: execute 'pm install -r -t &quot;/data/local/tmp/Retrofit_Montepio-debug.apk&quot;' on '1115fb73ad611a05' : EOF hit. Read: -1&#10;05:24:25 V/ddms: execute: returning&#10;05:24:25 V/ddms: execute: running rm &quot;/data/local/tmp/Retrofit_Montepio-debug.apk&quot;&#10;05:24:25 V/ddms: execute 'rm &quot;/data/local/tmp/Retrofit_Montepio-debug.apk&quot;' on '1115fb73ad611a05' : EOF hit. Read: -1&#10;05:24:25 V/ddms: execute: returning&#10;05:24:25 D/Retrofit_Montepio-debug-androidTest.apk: Uploading Retrofit_Montepio-debug-androidTest.apk onto device '1115fb73ad611a05'&#10;05:24:25 D/Device: Uploading file onto device '1115fb73ad611a05'&#10;05:24:25 D/ddms: Reading file permision of C:\Users\E5852\Documents\GitHub\NetWork\Retrofit\retrofit_montepio\app\build\outputs\apk\androidTest\debug\Retrofit_Montepio-debug-androidTest.apk as: rwx------&#10;05:24:25 V/ddms: execute: running pm install -r -t &quot;/data/local/tmp/Retrofit_Montepio-debug-androidTest.apk&quot;&#10;05:24:27 V/ddms: execute 'pm install -r -t &quot;/data/local/tmp/Retrofit_Montepio-debug-androidTest.apk&quot;' on '1115fb73ad611a05' : EOF hit. Read: -1&#10;05:24:27 V/ddms: execute: returning&#10;05:24:27 V/ddms: execute: running rm &quot;/data/local/tmp/Retrofit_Montepio-debug-androidTest.apk&quot;&#10;05:24:27 V/ddms: execute 'rm &quot;/data/local/tmp/Retrofit_Montepio-debug-androidTest.apk&quot;' on '1115fb73ad611a05' : EOF hit. Read: -1&#10;05:24:27 V/ddms: execute: returning&#10;05:24:27 I/RemoteAndroidTest: Running am instrument -w -r   com.example.retrofit_montepio.test/androidx.test.runner.AndroidJUnitRunner on SM-G920F - 7.0&#10;05:24:27 V/ddms: execute: running am instrument -w -r   com.example.retrofit_montepio.test/androidx.test.runner.AndroidJUnitRunner&#10;05:24:28 V/InstrumentationResultParser: INSTRUMENTATION_STATUS: numtests=1&#10;05:24:28 V/InstrumentationResultParser: INSTRUMENTATION_STATUS: stream=&#10;05:24:28 V/InstrumentationResultParser: com.example.retrofit_montepio.ExampleInstrumentedTest:&#10;05:24:28 V/InstrumentationResultParser: INSTRUMENTATION_STATUS: id=AndroidJUnitRunner&#10;05:24:28 V/InstrumentationResultParser: INSTRUMENTATION_STATUS: test=initializationError&#10;05:24:28 V/InstrumentationResultParser: INSTRUMENTATION_STATUS: class=com.example.retrofit_montepio.ExampleInstrumentedTest&#10;05:24:28 V/InstrumentationResultParser: INSTRUMENTATION_STATUS: current=1&#10;05:24:28 V/InstrumentationResultParser: INSTRUMENTATION_STATUS_CODE: 1&#10;&#10;&gt; Task :app:connectedDebugAndroidTest&#10;Starting 1 tests on SM-G920F - 7.0&#10;&#10;05:24:29 V/InstrumentationResultParser: INSTRUMENTATION_STATUS: numtests=1&#10;05:24:29 V/InstrumentationResultParser: INSTRUMENTATION_STATUS: stream=&#10;05:24:29 V/InstrumentationResultParser: Error in initializationError(com.example.retrofit_montepio.ExampleInstrumentedTest):&#10;05:24:29 V/InstrumentationResultParser: java.lang.Exception: No runnable methods&#10;05:24:29 V/InstrumentationResultParser: at org.junit.runners.BlockJUnit4ClassRunner.validateInstanceMethods(BlockJUnit4ClassRunner.java:191)&#10;05:24:29 V/InstrumentationResultParser: at org.junit.runners.BlockJUnit4ClassRunner.collectInitializationErrors(BlockJUnit4ClassRunner.java:128)&#10;05:24:29 V/InstrumentationResultParser: at org.junit.runners.ParentRunner.validate(ParentRunner.java:416)&#10;05:24:29 V/InstrumentationResultParser: at org.junit.runners.ParentRunner.&lt;init&gt;(ParentRunner.java:84)&#10;05:24:29 V/InstrumentationResultParser: at org.junit.runners.BlockJUnit4ClassRunner.&lt;init&gt;(BlockJUnit4ClassRunner.java:65)&#10;05:24:29 V/InstrumentationResultParser: at androidx.test.internal.runner.junit4.AndroidJUnit4ClassRunner.&lt;init&gt;(AndroidJUnit4ClassRunner.java:43)&#10;05:24:29 V/InstrumentationResultParser: at androidx.test.runner.AndroidJUnit4.&lt;init&gt;(AndroidJUnit4.java:52)&#10;05:24:29 V/InstrumentationResultParser: at java.lang.reflect.Constructor.newInstance0(Native Method)&#10;05:24:29 V/InstrumentationResultParser: at java.lang.reflect.Constructor.newInstance(Constructor.java:430)&#10;05:24:29 V/InstrumentationResultParser: at androidx.test.internal.runner.junit4.AndroidAnnotatedBuilder.buildAndroidRunner(AndroidAnnotatedBuilder.java:71)&#10;05:24:29 V/InstrumentationResultParser: at androidx.test.internal.runner.junit4.AndroidAnnotatedBuilder.runnerForClass(AndroidAnnotatedBuilder.java:48)&#10;05:24:29 V/InstrumentationResultParser: at org.junit.runners.model.RunnerBuilder.safeRunnerForClass(RunnerBuilder.java:59)&#10;05:24:29 V/InstrumentationResultParser: at org.junit.internal.builders.AllDefaultPossibilitiesBuilder.runnerForClass(AllDefaultPossibilitiesBuilder.java:26)&#10;05:24:29 V/InstrumentationResultParser: at androidx.test.internal.runner.AndroidRunnerBuilder.runnerForClass(AndroidRunnerBuilder.java:153)&#10;05:24:29 V/InstrumentationResultParser: at androidx.test.internal.runner.TestLoader$ScanningRunnerBuilder.runnerForClass(TestLoader.java:143)&#10;05:24:29 V/InstrumentationResultParser: at org.junit.runners.model.RunnerBuilder.safeRunnerForClass(RunnerBuilder.java:59)&#10;05:24:29 V/InstrumentationResultParser: at androidx.test.internal.runner.TestLoader.doCreateRunner(TestLoader.java:73)&#10;05:24:29 V/InstrumentationResultParser: at androidx.test.internal.runner.TestLoader.getRunnersFor(TestLoader.java:104)&#10;05:24:29 V/InstrumentationResultParser: at androidx.test.internal.runner.TestRequestBuilder.build(TestRequestBuilder.java:793)&#10;05:24:29 V/InstrumentationResultParser: at androidx.test.runner.AndroidJUnitRunner.buildRequest(AndroidJUnitRunner.java:547)&#10;05:24:29 V/InstrumentationResultParser: at androidx.test.runner.AndroidJUnitRunner.onStart(AndroidJUnitRunner.java:390)&#10;05:24:29 V/InstrumentationResultParser: at android.app.Instrumentation$InstrumentationThread.run(Instrumentation.java:1962)&#10;05:24:29 V/InstrumentationResultParser: &#10;05:24:29 V/InstrumentationResultParser: INSTRUMENTATION_STATUS: id=AndroidJUnitRunner&#10;05:24:29 V/InstrumentationResultParser: INSTRUMENTATION_STATUS: test=initializationError&#10;05:24:29 V/InstrumentationResultParser: INSTRUMENTATION_STATUS: class=com.example.retrofit_montepio.ExampleInstrumentedTest&#10;05:24:29 V/InstrumentationResultParser: INSTRUMENTATION_STATUS: stack=java.lang.Exception: No runnable methods&#10;05:24:29 V/InstrumentationResultParser: at org.junit.runners.BlockJUnit4ClassRunner.validateInstanceMethods(BlockJUnit4ClassRunner.java:191)&#10;05:24:29 V/InstrumentationResultParser: at org.junit.runners.BlockJUnit4ClassRunner.collectInitializationErrors(BlockJUnit4ClassRunner.java:128)&#10;05:24:29 V/InstrumentationResultParser: at org.junit.runners.ParentRunner.validate(ParentRunner.java:416)&#10;05:24:29 V/InstrumentationResultParser: at org.junit.runners.ParentRunner.&lt;init&gt;(ParentRunner.java:84)&#10;05:24:29 V/InstrumentationResultParser: at org.junit.runners.BlockJUnit4ClassRunner.&lt;init&gt;(BlockJUnit4ClassRunner.java:65)&#10;05:24:29 V/InstrumentationResultParser: at androidx.test.internal.runner.junit4.AndroidJUnit4ClassRunner.&lt;init&gt;(AndroidJUnit4ClassRunner.java:43)&#10;05:24:29 V/InstrumentationResultParser: at androidx.test.runner.AndroidJUnit4.&lt;init&gt;(AndroidJUnit4.java:52)&#10;05:24:29 V/InstrumentationResultParser: at java.lang.reflect.Constructor.newInstance0(Native Method)&#10;05:24:29 V/InstrumentationResultParser: at java.lang.reflect.Constructor.newInstance(Constructor.java:430)&#10;05:24:29 V/InstrumentationResultParser: at androidx.test.internal.runner.junit4.AndroidAnnotatedBuilder.buildAndroidRunner(AndroidAnnotatedBuilder.java:71)&#10;05:24:29 V/InstrumentationResultParser: at androidx.test.internal.runner.junit4.AndroidAnnotatedBuilder.runnerForClass(AndroidAnnotatedBuilder.java:48)&#10;05:24:29 V/InstrumentationResultParser: at org.junit.runners.model.RunnerBuilder.safeRunnerForClass(RunnerBuilder.java:59)&#10;05:24:29 V/InstrumentationResultParser: at org.junit.internal.builders.AllDefaultPossibilitiesBuilder.runnerForClass(AllDefaultPossibilitiesBuilder.java:26)&#10;05:24:29 V/InstrumentationResultParser: at androidx.test.internal.runner.AndroidRunnerBuilder.runnerForClass(AndroidRunnerBuilder.java:153)&#10;05:24:29 V/InstrumentationResultParser: at androidx.test.internal.runner.TestLoader$ScanningRunnerBuilder.runnerForClass(TestLoader.java:143)&#10;05:24:29 V/InstrumentationResultParser: at org.junit.runners.model.RunnerBuilder.safeRunnerForClass(RunnerBuilder.java:59)&#10;05:24:29 V/InstrumentationResultParser: at androidx.test.internal.runner.TestLoader.doCreateRunner(TestLoader.java:73)&#10;05:24:29 V/InstrumentationResultParser: at androidx.test.internal.runner.TestLoader.getRunnersFor(TestLoader.java:104)&#10;05:24:29 V/InstrumentationResultParser: at androidx.test.internal.runner.TestRequestBuilder.build(TestRequestBuilder.java:793)&#10;05:24:29 V/InstrumentationResultParser: at androidx.test.runner.AndroidJUnitRunner.buildRequest(AndroidJUnitRunner.java:547)&#10;05:24:29 V/InstrumentationResultParser: at androidx.test.runner.AndroidJUnitRunner.onStart(AndroidJUnitRunner.java:390)&#10;05:24:29 V/InstrumentationResultParser: at android.app.Instrumentation$InstrumentationThread.run(Instrumentation.java:1962)&#10;05:24:29 V/InstrumentationResultParser: &#10;05:24:29 V/InstrumentationResultParser: INSTRUMENTATION_STATUS: current=1&#10;05:24:29 V/InstrumentationResultParser: INSTRUMENTATION_STATUS_CODE: -2&#10;05:24:29 V/InstrumentationResultParser: INSTRUMENTATION_RESULT: stream=&#10;05:24:29 V/InstrumentationResultParser: &#10;05:24:29 V/InstrumentationResultParser: Time: 0.012&#10;05:24:29 V/InstrumentationResultParser: There was 1 failure:&#10;05:24:29 V/InstrumentationResultParser: 1) initializationError(com.example.retrofit_montepio.ExampleInstrumentedTest)&#10;05:24:29 V/InstrumentationResultParser: java.lang.Exception: No runnable methods&#10;05:24:29 V/InstrumentationResultParser: at org.junit.runners.BlockJUnit4ClassRunner.validateInstanceMethods(BlockJUnit4ClassRunner.java:191)&#10;05:24:29 V/InstrumentationResultParser: at org.junit.runners.BlockJUnit4ClassRunner.collectInitializationErrors(BlockJUnit4ClassRunner.java:128)&#10;05:24:29 V/InstrumentationResultParser: at org.junit.runners.ParentRunner.validate(ParentRunner.java:416)&#10;05:24:29 V/InstrumentationResultParser: at org.junit.runners.ParentRunner.&lt;init&gt;(ParentRunner.java:84)&#10;05:24:29 V/InstrumentationResultParser: at org.junit.runners.BlockJUnit4ClassRunner.&lt;init&gt;(BlockJUnit4ClassRunner.java:65)&#10;05:24:29 V/InstrumentationResultParser: at androidx.test.internal.runner.junit4.AndroidJUnit4ClassRunner.&lt;init&gt;(AndroidJUnit4ClassRunner.java:43)&#10;05:24:29 V/InstrumentationResultParser: at androidx.test.runner.AndroidJUnit4.&lt;init&gt;(AndroidJUnit4.java:52)&#10;05:24:29 V/InstrumentationResultParser: at java.lang.reflect.Constructor.newInstance0(Native Method)&#10;05:24:29 V/InstrumentationResultParser: at java.lang.reflect.Constructor.newInstance(Constructor.java:430)&#10;05:24:29 V/InstrumentationResultParser: at androidx.test.internal.runner.junit4.AndroidAnnotatedBuilder.buildAndroidRunner(AndroidAnnotatedBuilder.java:71)&#10;05:24:29 V/InstrumentationResultParser: at androidx.test.internal.runner.junit4.AndroidAnnotatedBuilder.runnerForClass(AndroidAnnotatedBuilder.java:48)&#10;05:24:29 V/InstrumentationResultParser: at org.junit.runners.model.RunnerBuilder.safeRunnerForClass(RunnerBuilder.java:59)&#10;05:24:29 V/InstrumentationResultParser: at org.junit.internal.builders.AllDefaultPossibilitiesBuilder.runnerForClass(AllDefaultPossibilitiesBuilder.java:26)&#10;05:24:29 V/InstrumentationResultParser: at androidx.test.internal.runner.AndroidRunnerBuilder.runnerForClass(AndroidRunnerBuilder.java:153)&#10;05:24:29 V/InstrumentationResultParser: at androidx.test.internal.runner.TestLoader$ScanningRunnerBuilder.runnerForClass(TestLoader.java:143)&#10;05:24:29 V/InstrumentationResultParser: at org.junit.runners.model.RunnerBuilder.safeRunnerForClass(RunnerBuilder.java:59)&#10;05:24:29 V/InstrumentationResultParser: at androidx.test.internal.runner.TestLoader.doCreateRunner(TestLoader.java:73)&#10;05:24:29 V/InstrumentationResultParser: at androidx.test.internal.runner.TestLoader.getRunnersFor(TestLoader.java:104)&#10;05:24:29 V/InstrumentationResultParser: at androidx.test.internal.runner.TestRequestBuilder.build(TestRequestBuilder.java:793)&#10;05:24:29 V/InstrumentationResultParser: at androidx.test.runner.AndroidJUnitRunner.buildRequest(AndroidJUnitRunner.java:547)&#10;05:24:29 V/InstrumentationResultParser: at androidx.test.runner.AndroidJUnitRunner.onStart(AndroidJUnitRunner.java:390)&#10;05:24:29 V/InstrumentationResultParser: at android.app.Instrumentation$InstrumentationThread.run(Instrumentation.java:1962)&#10;05:24:29 V/InstrumentationResultParser: &#10;05:24:29 V/InstrumentationResultParser: FAILURES!!!&#10;05:24:29 V/InstrumentationResultParser: Tests run: 1,  Failures: 1&#10;05:24:29 V/InstrumentationResultParser: &#10;05:24:29 V/InstrumentationResultParser: &#10;05:24:29 V/InstrumentationResultParser: INSTRUMENTATION_CODE: -1&#10;05:24:29 V/InstrumentationResultParser: &#10;05:24:29 I/XmlResultReporter: XML test result file generated at C:\Users\E5852\Documents\GitHub\NetWork\Retrofit\retrofit_montepio\app\build\outputs\androidTest-results\connected\TEST-SM-G920F - 7.0-app-.xml. Total tests 1, failure 1, &#10;05:24:29 V/ddms: execute 'am instrument -w -r   com.example.retrofit_montepio.test/androidx.test.runner.AndroidJUnitRunner' on '1115fb73ad611a05' : EOF hit. Read: -1&#10;05:24:29 V/ddms: execute: returning&#10;05:24:29 V/ddms: execute: running pm uninstall com.example.retrofit_montepio.test&#10;05:24:30 V/ddms: execute 'pm uninstall com.example.retrofit_montepio.test' on '1115fb73ad611a05' : EOF hit. Read: -1&#10;05:24:30 V/ddms: execute: returning&#10;05:24:30 V/ddms: execute: running pm uninstall com.example.retrofit_montepio&#10;&#10;&gt; Task :app:connectedDebugAndroidTest&#10;&#10;com.example.retrofit_montepio.ExampleInstrumentedTest &gt; initializationError[SM-G920F - 7.0] [31mFAILED [0m&#10;	java.lang.Exception: No runnable methods&#10;	at org.junit.runners.BlockJUnit4ClassRunner.validateInstanceMethods(BlockJUnit4ClassRunner.java:191)&#10;&#10;&#10;05:24:32 V/ddms: execute 'pm uninstall com.example.retrofit_montepio' on '1115fb73ad611a05' : EOF hit. Read: -1&#10;05:24:32 V/ddms: execute: returning&#10;&#10;&gt; Task :app:connectedDebugAndroidTest FAILED&#10;[no message defined]&#10;java.util.concurrent.ExecutionException: java.lang.RuntimeException: java.lang.RuntimeException: com.android.builder.testing.api.DeviceException: com.android.ddmlib.InstallException: Unknown failure: Error: Could not access the Package Manager.  Is the system running?&#10;	at java.util.concurrent.ForkJoinTask.get(ForkJoinTask.java:1006)&#10;	at com.android.ide.common.workers.ExecutorServiceAdapter.await(ExecutorServiceAdapter.kt:102)&#10;	at com.android.builder.testing.BaseTestRunner.runTests(BaseTestRunner.java:196)&#10;	at com.android.build.gradle.internal.tasks.DeviceProviderInstrumentTestTask.doTaskAction(DeviceProviderInstrumentTestTask.java:185)&#10;	at com.android.build.gradle.internal.tasks.NonIncrementalTask$taskAction$$inlined$recordTaskAction$1.invoke(AndroidVariantTask.kt:51)&#10;	at com.android.build.gradle.internal.tasks.NonIncrementalTask$taskAction$$inlined$recordTaskAction$1.invoke(AndroidVariantTask.kt:31)&#10;	at com.android.build.gradle.internal.tasks.Blocks.recordSpan(Blocks.java:91)&#10;	at com.android.build.gradle.internal.tasks.NonIncrementalTask.taskAction(NonIncrementalTask.kt:34)&#10;	at sun.reflect.GeneratedMethodAccessor790.invoke(Unknown Source)&#10;	at sun.reflect.DelegatingMethodAccessorImpl.invoke(DelegatingMethodAccessorImpl.java:43)&#10;	at java.lang.reflect.Method.invoke(Method.java:498)&#10;	at org.gradle.internal.reflect.JavaMethod.invoke(JavaMethod.java:103)&#10;	at org.gradle.api.internal.project.taskfactory.StandardTaskAction.doExecute(StandardTaskAction.java:48)&#10;	at org.gradle.api.internal.project.taskfactory.StandardTaskAction.execute(StandardTaskAction.java:41)&#10;	at org.gradle.api.internal.project.taskfactory.StandardTaskAction.execute(StandardTaskAction.java:28)&#10;	at org.gradle.api.internal.AbstractTask$TaskActionWrapper.execute(AbstractTask.java:702)&#10;	at org.gradle.api.internal.AbstractTask$TaskActionWrapper.execute(AbstractTask.java:669)&#10;	at org.gradle.api.internal.tasks.execution.ExecuteActionsTaskExecuter$5.run(ExecuteActionsTaskExecuter.java:404)&#10;	at org.gradle.internal.operations.DefaultBuildOperationExecutor$RunnableBuildOperationWorker.execute(DefaultBuildOperationExecutor.java:402)&#10;	at org.gradle.internal.operations.DefaultBuildOperationExecutor$RunnableBuildOperationWorker.execute(DefaultBuildOperationExecutor.java:394)&#10;	at org.gradle.internal.operations.DefaultBuildOperationExecutor$1.execute(DefaultBuildOperationExecutor.java:165)&#10;	at org.gradle.internal.operations.DefaultBuildOperationExecutor.execute(DefaultBuildOperationExecutor.java:250)&#10;	at org.gradle.internal.operations.DefaultBuildOperationExecutor.execute(DefaultBuildOperationExecutor.java:158)&#10;	at org.gradle.internal.operations.DefaultBuildOperationExecutor.run(DefaultBuildOperationExecutor.java:92)&#10;	at org.gradle.internal.operations.DelegatingBuildOperationExecutor.run(DelegatingBuildOperationExecutor.java:31)&#10;	at org.gradle.api.internal.tasks.execution.ExecuteActionsTaskExecuter.executeAction(ExecuteActionsTaskExecuter.java:393)&#10;	at org.gradle.api.internal.tasks.execution.ExecuteActionsTaskExecuter.executeActions(ExecuteActionsTaskExecuter.java:376)&#10;	at org.gradle.api.internal.tasks.execution.ExecuteActionsTaskExecuter.access$200(ExecuteActionsTaskExecuter.java:80)&#10;	at org.gradle.api.internal.tasks.execution.ExecuteActionsTaskExecuter$TaskExecution.execute(ExecuteActionsTaskExecuter.java:213)&#10;	at org.gradle.internal.execution.steps.ExecuteStep.lambda$execute$1(ExecuteStep.java:33)&#10;	at java.util.Optional.orElseGet(Optional.java:267)&#10;	at org.gradle.internal.execution.steps.ExecuteStep.execute(ExecuteStep.java:33)&#10;	at org.gradle.internal.execution.steps.ExecuteStep.execute(ExecuteStep.java:26)&#10;	at org.gradle.internal.execution.steps.CleanupOutputsStep.execute(CleanupOutputsStep.java:58)&#10;	at org.gradle.internal.execution.steps.CleanupOutputsStep.execute(CleanupOutputsStep.java:35)&#10;	at org.gradle.internal.execution.steps.ResolveInputChangesStep.execute(ResolveInputChangesStep.java:48)&#10;	at org.gradle.internal.execution.steps.ResolveInputChangesStep.execute(ResolveInputChangesStep.java:33)&#10;	at org.gradle.internal.execution.steps.CancelExecutionStep.execute(CancelExecutionStep.java:39)&#10;	at org.gradle.internal.execution.steps.TimeoutStep.executeWithoutTimeout(TimeoutStep.java:73)&#10;	at org.gradle.internal.execution.steps.TimeoutStep.execute(TimeoutStep.java:54)&#10;	at org.gradle.internal.execution.steps.CatchExceptionStep.execute(CatchExceptionStep.java:35)&#10;	at org.gradle.internal.execution.steps.CreateOutputsStep.execute(CreateOutputsStep.java:51)&#10;	at org.gradle.internal.execution.steps.SnapshotOutputsStep.execute(SnapshotOutputsStep.java:45)&#10;	at org.gradle.internal.execution.steps.SnapshotOutputsStep.execute(SnapshotOutputsStep.java:31)&#10;	at org.gradle.internal.execution.steps.CacheStep.executeWithoutCache(CacheStep.java:201)&#10;	at org.gradle.internal.execution.steps.CacheStep.execute(CacheStep.java:70)&#10;	at org.gradle.internal.execution.steps.CacheStep.execute(CacheStep.java:45)&#10;	at org.gradle.internal.execution.steps.BroadcastChangingOutputsStep.execute(BroadcastChangingOutputsStep.java:49)&#10;	at org.gradle.internal.execution.steps.StoreSnapshotsStep.execute(StoreSnapshotsStep.java:43)&#10;	at org.gradle.internal.execution.steps.StoreSnapshotsStep.execute(StoreSnapshotsStep.java:32)&#10;	at org.gradle.internal.execution.steps.RecordOutputsStep.execute(RecordOutputsStep.java:38)&#10;	at org.gradle.internal.execution.steps.RecordOutputsStep.execute(RecordOutputsStep.java:24)&#10;	at org.gradle.internal.execution.steps.SkipUpToDateStep.executeBecause(SkipUpToDateStep.java:96)&#10;	at org.gradle.internal.execution.steps.SkipUpToDateStep.lambda$execute$0(SkipUpToDateStep.java:89)&#10;	at java.util.Optional.map(Optional.java:215)&#10;	at org.gradle.internal.execution.steps.SkipUpToDateStep.execute(SkipUpToDateStep.java:54)&#10;	at org.gradle.internal.execution.steps.SkipUpToDateStep.execute(SkipUpToDateStep.java:38)&#10;	at org.gradle.internal.execution.steps.ResolveChangesStep.execute(ResolveChangesStep.java:77)&#10;	at org.gradle.internal.execution.steps.ResolveChangesStep.execute(ResolveChangesStep.java:37)&#10;	at org.gradle.internal.execution.steps.legacy.MarkSnapshottingInputsFinishedStep.execute(MarkSnapshottingInputsFinishedStep.java:36)&#10;	at org.gradle.internal.execution.steps.legacy.MarkSnapshottingInputsFinishedStep.execute(MarkSnapshottingInputsFinishedStep.java:26)&#10;	at org.gradle.internal.execution.steps.ResolveCachingStateStep.execute(ResolveCachingStateStep.java:90)&#10;	at org.gradle.internal.execution.steps.ResolveCachingStateStep.execute(ResolveCachingStateStep.java:48)&#10;	at org.gradle.internal.execution.impl.DefaultWorkExecutor.execute(DefaultWorkExecutor.java:33)&#10;	at org.gradle.api.internal.tasks.execution.ExecuteActionsTaskExecuter.execute(ExecuteActionsTaskExecuter.java:120)&#10;	at org.gradle.api.internal.tasks.execution.ResolveBeforeExecutionStateTaskExecuter.execute(ResolveBeforeExecutionStateTaskExecuter.java:75)&#10;	at org.gradle.api.internal.tasks.execution.ValidatingTaskExecuter.execute(ValidatingTaskExecuter.java:62)&#10;	at org.gradle.api.internal.tasks.execution.SkipEmptySourceFilesTaskExecuter.execute(SkipEmptySourceFilesTaskExecuter.java:108)&#10;	at org.gradle.api.internal.tasks.execution.ResolveBeforeExecutionOutputsTaskExecuter.execute(ResolveBeforeExecutionOutputsTaskExecuter.java:67)&#10;	at org.gradle.api.internal.tasks.execution.ResolveAfterPreviousExecutionStateTaskExecuter.execute(ResolveAfterPreviousExecutionStateTaskExecuter.java:46)&#10;	at org.gradle.api.internal.tasks.execution.CleanupStaleOutputsExecuter.execute(CleanupStaleOutputsExecuter.java:94)&#10;	at org.gradle.api.internal.tasks.execution.FinalizePropertiesTaskExecuter.execute(FinalizePropertiesTaskExecuter.java:46)&#10;	at org.gradle.api.internal.tasks.execution.ResolveTaskExecutionModeExecuter.execute(ResolveTaskExecutionModeExecuter.java:95)&#10;	at org.gradle.api.internal.tasks.execution.SkipTaskWithNoActionsExecuter.execute(SkipTaskWithNoActionsExecuter.java:57)&#10;	at org.gradle.api.internal.tasks.execution.SkipOnlyIfTaskExecuter.execute(SkipOnlyIfTaskExecuter.java:56)&#10;	at org.gradle.api.internal.tasks.execution.CatchExceptionTaskExecuter.execute(CatchExceptionTaskExecuter.java:36)&#10;	at org.gradle.api.internal.tasks.execution.EventFiringTaskExecuter$1.executeTask(EventFiringTaskExecuter.java:73)&#10;	at org.gradle.api.internal.tasks.execution.EventFiringTaskExecuter$1.call(EventFiringTaskExecuter.java:52)&#10;	at org.gradle.api.internal.tasks.execution.EventFiringTaskExecuter$1.call(EventFiringTaskExecuter.java:49)&#10;	at org.gradle.internal.operations.DefaultBuildOperationExecutor$CallableBuildOperationWorker.execute(DefaultBuildOperationExecutor.java:416)&#10;	at org.gradle.internal.operations.DefaultBuildOperationExecutor$CallableBuildOperationWorker.execute(DefaultBuildOperationExecutor.java:406)&#10;	at org.gradle.internal.operations.DefaultBuildOperationExecutor$1.execute(DefaultBuildOperationExecutor.java:165)&#10;	at org.gradle.internal.operations.DefaultBuildOperationExecutor.execute(DefaultBuildOperationExecutor.java:250)&#10;	at org.gradle.internal.operations.DefaultBuildOperationExecutor.execute(DefaultBuildOperationExecutor.java:158)&#10;	at org.gradle.internal.operations.DefaultBuildOperationExecutor.call(DefaultBuildOperationExecutor.java:102)&#10;	at org.gradle.internal.operations.DelegatingBuildOperationExecutor.call(DelegatingBuildOperationExecutor.java:36)&#10;	at org.gradle.api.internal.tasks.execution.EventFiringTaskExecuter.execute(EventFiringTaskExecuter.java:49)&#10;	at org.gradle.execution.plan.LocalTaskNodeExecutor.execute(LocalTaskNodeExecutor.java:43)&#10;	at org.gradle.execution.taskgraph.DefaultTaskExecutionGraph$InvokeNodeExecutorsAction.execute(DefaultTaskExecutionGraph.java:355)&#10;	at org.gradle.execution.taskgraph.DefaultTaskExecutionGraph$InvokeNodeExecutorsAction.execute(DefaultTaskExecutionGraph.java:343)&#10;	at org.gradle.execution.taskgraph.DefaultTaskExecutionGraph$BuildOperationAwareExecutionAction.execute(DefaultTaskExecutionGraph.java:336)&#10;	at org.gradle.execution.taskgraph.DefaultTaskExecutionGraph$BuildOperationAwareExecutionAction.execute(DefaultTaskExecutionGraph.java:322)&#10;	at org.gradle.execution.plan.DefaultPlanExecutor$ExecutorWorker$1.execute(DefaultPlanExecutor.java:134)&#10;	at org.gradle.execution.plan.DefaultPlanExecutor$ExecutorWorker$1.execute(DefaultPlanExecutor.java:129)&#10;	at org.gradle.execution.plan.DefaultPlanExecutor$ExecutorWorker.execute(DefaultPlanExecutor.java:202)&#10;	at org.gradle.execution.plan.DefaultPlanExecutor$ExecutorWorker.executeNextNode(DefaultPlanExecutor.java:193)&#10;	at org.gradle.execution.plan.DefaultPlanExecutor$ExecutorWorker.run(DefaultPlanExecutor.java:129)&#10;	at org.gradle.execution.plan.DefaultPlanExecutor.process(DefaultPlanExecutor.java:74)&#10;	at org.gradle.execution.taskgraph.DefaultTaskExecutionGraph.executeWithServices(DefaultTaskExecutionGraph.java:178)&#10;	at org.gradle.execution.taskgraph.DefaultTaskExecutionGraph.execute(DefaultTaskExecutionGraph.java:154)&#10;	at org.gradle.execution.SelectedTaskExecutionAction.execute(SelectedTaskExecutionAction.java:41)&#10;	at org.gradle.execution.DefaultBuildExecuter.execute(DefaultBuildExecuter.java:40)&#10;	at org.gradle.execution.DefaultBuildExecuter.access$000(DefaultBuildExecuter.java:24)&#10;	at org.gradle.execution.DefaultBuildExecuter$1.proceed(DefaultBuildExecuter.java:46)&#10;	at org.gradle.execution.DryRunBuildExecutionAction.execute(DryRunBuildExecutionAction.java:49)&#10;	at org.gradle.execution.DefaultBuildExecuter.execute(DefaultBuildExecuter.java:40)&#10;	at org.gradle.execution.DefaultBuildExecuter.execute(DefaultBuildExecuter.java:33)&#10;	at org.gradle.initialization.DefaultGradleLauncher$ExecuteTasks.run(DefaultGradleLauncher.java:383)&#10;	at org.gradle.internal.operations.DefaultBuildOperationExecutor$RunnableBuildOperationWorker.execute(DefaultBuildOperationExecutor.java:402)&#10;	at org.gradle.internal.operations.DefaultBuildOperationExecutor$RunnableBuildOperationWorker.execute(DefaultBuildOperationExecutor.java:394)&#10;	at org.gradle.internal.operations.DefaultBuildOperationExecutor$1.execute(DefaultBuildOperationExecutor.java:165)&#10;	at org.gradle.internal.operations.DefaultBuildOperationExecutor.execute(DefaultBuildOperationExecutor.java:250)&#10;	at org.gradle.internal.operations.DefaultBuildOperationExecutor.execute(DefaultBuildOperationExecutor.java:158)&#10;	at org.gradle.internal.operations.DefaultBuildOperationExecutor.run(DefaultBuildOperationExecutor.java:92)&#10;	at org.gradle.internal.operations.DelegatingBuildOperationExecutor.run(DelegatingBuildOperationExecutor.java:31)&#10;	at org.gradle.initialization.DefaultGradleLauncher.runTasks(DefaultGradleLauncher.java:247)&#10;	at org.gradle.initialization.DefaultGradleLauncher.doBuildStages(DefaultGradleLauncher.java:159)&#10;	at org.gradle.initialization.DefaultGradleLauncher.executeTasks(DefaultGradleLauncher.java:134)&#10;	at org.gradle.internal.invocation.GradleBuildController$1.execute(GradleBuildController.java:58)&#10;	at org.gradle.internal.invocation.GradleBuildController$1.execute(GradleBuildController.java:55)&#10;	at org.gradle.internal.invocation.GradleBuildController$3.create(GradleBuildController.java:82)&#10;	at org.gradle.internal.invocation.GradleBuildController$3.create(GradleBuildController.java:75)&#10;	at org.gradle.internal.work.DefaultWorkerLeaseService.withLocks(DefaultWorkerLeaseService.java:183)&#10;	at org.gradle.internal.work.StopShieldingWorkerLeaseService.withLocks(StopShieldingWorkerLeaseService.java:40)&#10;	at org.gradle.internal.invocation.GradleBuildController.doBuild(GradleBuildController.java:75)&#10;	at org.gradle.internal.invocation.GradleBuildController.run(GradleBuildController.java:55)&#10;	at org.gradle.tooling.internal.provider.ExecuteBuildActionRunner.run(ExecuteBuildActionRunner.java:31)&#10;	at org.gradle.launcher.exec.ChainingBuildActionRunner.run(ChainingBuildActionRunner.java:35)&#10;	at org.gradle.launcher.exec.BuildOutcomeReportingBuildActionRunner.run(BuildOutcomeReportingBuildActionRunner.java:58)&#10;	at org.gradle.tooling.internal.provider.ValidatingBuildActionRunner.run(ValidatingBuildActionRunner.java:32)&#10;	at org.gradle.launcher.exec.BuildCompletionNotifyingBuildActionRunner.run(BuildCompletionNotifyingBuildActionRunner.java:39)&#10;	at org.gradle.launcher.exec.RunAsBuildOperationBuildActionRunner$3.call(RunAsBuildOperationBuildActionRunner.java:51)&#10;	at org.gradle.launcher.exec.RunAsBuildOperationBuildActionRunner$3.call(RunAsBuildOperationBuildActionRunner.java:45)&#10;	at org.gradle.internal.operations.DefaultBuildOperationExecutor$CallableBuildOperationWorker.execute(DefaultBuildOperationExecutor.java:416)&#10;	at org.gradle.internal.operations.DefaultBuildOperationExecutor$CallableBuildOperationWorker.execute(DefaultBuildOperationExecutor.java:406)&#10;	at org.gradle.internal.operations.DefaultBuildOperationExecutor$1.execute(DefaultBuildOperationExecutor.java:165)&#10;	at org.gradle.internal.operations.DefaultBuildOperationExecutor.execute(DefaultBuildOperationExecutor.java:250)&#10;	at org.gradle.internal.operations.DefaultBuildOperationExecutor.execute(DefaultBuildOperationExecutor.java:158)&#10;	at org.gradle.internal.operations.DefaultBuildOperationExecutor.call(DefaultBuildOperationExecutor.java:102)&#10;	at org.gradle.internal.operations.DelegatingBuildOperationExecutor.call(DelegatingBuildOperationExecutor.java:36)&#10;	at org.gradle.launcher.exec.RunAsBuildOperationBuildActionRunner.run(RunAsBuildOperationBuildActionRunner.java:45)&#10;	at org.gradle.launcher.exec.InProcessBuildActionExecuter$1.transform(InProcessBuildActionExecuter.java:49)&#10;	at org.gradle.launcher.exec.InProcessBuildActionExecuter$1.transform(InProcessBuildActionExecuter.java:46)&#10;	at org.gradle.composite.internal.DefaultRootBuildState.run(DefaultRootBuildState.java:78)&#10;	at org.gradle.launcher.exec.InProcessBuildActionExecuter.execute(InProcessBuildActionExecuter.java:46)&#10;	at org.gradle.launcher.exec.InProcessBuildActionExecuter.execute(InProcessBuildActionExecuter.java:31)&#10;	at org.gradle.launcher.exec.BuildTreeScopeBuildActionExecuter.execute(BuildTreeScopeBuildActionExecuter.java:42)&#10;	at org.gradle.launcher.exec.BuildTreeScopeBuildActionExecuter.execute(BuildTreeScopeBuildActionExecuter.java:28)&#10;	at org.gradle.tooling.internal.provider.ContinuousBuildActionExecuter.execute(ContinuousBuildActionExecuter.java:78)&#10;	at org.gradle.tooling.internal.provider.ContinuousBuildActionExecuter.execute(ContinuousBuildActionExecuter.java:52)&#10;	at org.gradle.tooling.internal.provider.SubscribableBuildActionExecuter.execute(SubscribableBuildActionExecuter.java:59)&#10;	at org.gradle.tooling.internal.provider.SubscribableBuildActionExecuter.execute(SubscribableBuildActionExecuter.java:36)&#10;	at org.gradle.tooling.internal.provider.SessionScopeBuildActionExecuter.execute(SessionScopeBuildActionExecuter.java:68)&#10;	at org.gradle.tooling.internal.provider.SessionScopeBuildActionExecuter.execute(SessionScopeBuildActionExecuter.java:38)&#10;	at org.gradle.tooling.internal.provider.GradleThreadBuildActionExecuter.execute(GradleThreadBuildActionExecuter.java:37)&#10;	at org.gradle.tooling.internal.provider.GradleThreadBuildActionExecuter.execute(GradleThreadBuildActionExecuter.java:26)&#10;	at org.gradle.tooling.internal.provider.ParallelismConfigurationBuildActionExecuter.execute(ParallelismConfigurationBuildActionExecuter.java:43)&#10;	at org.gradle.tooling.internal.provider.ParallelismConfigurationBuildActionExecuter.execute(ParallelismConfigurationBuildActionExecuter.java:29)&#10;	at org.gradle.tooling.internal.provider.StartParamsValidatingActionExecuter.execute(StartParamsValidatingActionExecuter.java:60)&#10;	at org.gradle.tooling.internal.provider.StartParamsValidatingActionExecuter.execute(StartParamsValidatingActionExecuter.java:32)&#10;	at org.gradle.tooling.internal.provider.SessionFailureReportingActionExecuter.execute(SessionFailureReportingActionExecuter.java:55)&#10;	at org.gradle.tooling.internal.provider.SessionFailureReportingActionExecuter.execute(SessionFailureReportingActionExecuter.java:41)&#10;	at org.gradle.tooling.internal.provider.SetupLoggingActionExecuter.execute(SetupLoggingActionExecuter.java:48)&#10;	at org.gradle.tooling.internal.provider.SetupLoggingActionExecuter.execute(SetupLoggingActionExecuter.java:32)&#10;	at org.gradle.launcher.daemon.server.exec.ExecuteBuild.doBuild(ExecuteBuild.java:67)&#10;	at org.gradle.launcher.daemon.server.exec.BuildCommandOnly.execute(BuildCommandOnly.java:36)&#10;	at org.gradle.launcher.daemon.server.api.DaemonCommandExecution.proceed(DaemonCommandExecution.java:104)&#10;	at org.gradle.launcher.daemon.server.exec.WatchForDisconnection.execute(WatchForDisconnection.java:37)&#10;	at org.gradle.launcher.daemon.server.api.DaemonCommandExecution.proceed(DaemonCommandExecution.java:104)&#10;	at org.gradle.launcher.daemon.server.exec.ResetDeprecationLogger.execute(ResetDeprecationLogger.java:26)&#10;	at org.gradle.launcher.daemon.server.api.DaemonCommandExecution.proceed(DaemonCommandExecution.java:104)&#10;	at org.gradle.launcher.daemon.server.exec.RequestStopIfSingleUsedDaemon.execute(RequestStopIfSingleUsedDaemon.java:34)&#10;	at org.gradle.launcher.daemon.server.api.DaemonCommandExecution.proceed(DaemonCommandExecution.java:104)&#10;	at org.gradle.launcher.daemon.server.exec.ForwardClientInput$2.call(ForwardClientInput.java:74)&#10;	at org.gradle.launcher.daemon.server.exec.ForwardClientInput$2.call(ForwardClientInput.java:72)&#10;	at org.gradle.util.Swapper.swap(Swapper.java:38)&#10;	at org.gradle.launcher.daemon.server.exec.ForwardClientInput.execute(ForwardClientInput.java:72)&#10;	at org.gradle.launcher.daemon.server.api.DaemonCommandExecution.proceed(DaemonCommandExecution.java:104)&#10;	at org.gradle.launcher.daemon.server.exec.LogAndCheckHealth.execute(LogAndCheckHealth.java:55)&#10;	at org.gradle.launcher.daemon.server.api.DaemonCommandExecution.proceed(DaemonCommandExecution.java:104)&#10;	at org.gradle.launcher.daemon.server.exec.LogToClient.doBuild(LogToClient.java:62)&#10;	at org.gradle.launcher.daemon.server.exec.BuildCommandOnly.execute(BuildCommandOnly.java:36)&#10;	at org.gradle.launcher.daemon.server.api.DaemonCommandExecution.proceed(DaemonCommandExecution.java:104)&#10;	at org.gradle.launcher.daemon.server.exec.EstablishBuildEnvironment.doBuild(EstablishBuildEnvironment.java:81)&#10;	at org.gradle.launcher.daemon.server.exec.BuildCommandOnly.execute(BuildCommandOnly.java:36)&#10;	at org.gradle.launcher.daemon.server.api.DaemonCommandExecution.proceed(DaemonCommandExecution.java:104)&#10;	at org.gradle.launcher.daemon.server.exec.StartBuildOrRespondWithBusy$1.run(StartBuildOrRespondWithBusy.java:50)&#10;	at org.gradle.launcher.daemon.server.DaemonStateCoordinator$1.run(DaemonStateCoordinator.java:295)&#10;	at org.gradle.internal.concurrent.ExecutorPolicy$CatchAndRecordFailures.onExecute(ExecutorPolicy.java:63)&#10;	at org.gradle.internal.concurrent.ManagedExecutorImpl$1.run(ManagedExecutorImpl.java:46)&#10;	at java.util.concurrent.ThreadPoolExecutor.runWorker(ThreadPoolExecutor.java:1149)&#10;	at java.util.concurrent.ThreadPoolExecutor$Worker.run(ThreadPoolExecutor.java:624)&#10;	at org.gradle.internal.concurrent.ThreadFactoryImpl$ManagedThreadRunnable.run(ThreadFactoryImpl.java:55)&#10;	at java.lang.Thread.run(Thread.java:748)&#10;Caused by: java.lang.RuntimeException: java.lang.RuntimeException: com.android.builder.testing.api.DeviceException: com.android.ddmlib.InstallException: Unknown failure: Error: Could not access the Package Manager.  Is the system running?&#10;	at sun.reflect.NativeConstructorAccessorImpl.newInstance0(Native Method)&#10;	at sun.reflect.NativeConstructorAccessorImpl.newInstance(NativeConstructorAccessorImpl.java:62)&#10;	at sun.reflect.DelegatingConstructorAccessorImpl.newInstance(DelegatingConstructorAccessorImpl.java:45)&#10;	at java.lang.reflect.Constructor.newInstance(Constructor.java:423)&#10;	at java.util.concurrent.ForkJoinTask.getThrowableException(ForkJoinTask.java:593)&#10;	at java.util.concurrent.ForkJoinTask.get(ForkJoinTask.java:1005)&#10;	... 193 more&#10;Caused by: java.lang.RuntimeException: com.android.builder.testing.api.DeviceException: com.android.ddmlib.InstallException: Unknown failure: Error: Could not access the Package Manager.  Is the system running?&#10;	at com.android.builder.internal.testing.SimpleTestRunnable.run(SimpleTestRunnable.java:226)&#10;	at com.android.ide.common.workers.ExecutorServiceAdapter$submit$submission$1.run(ExecutorServiceAdapter.kt:68)&#10;	at java.util.concurrent.ForkJoinTask$AdaptedRunnableAction.exec(ForkJoinTask.java:1386)&#10;	at java.util.concurrent.ForkJoinTask.doExec(ForkJoinTask.java:289)&#10;	at java.util.concurrent.ForkJoinPool$WorkQueue.runTask(ForkJoinPool.java:1056)&#10;	at java.util.concurrent.ForkJoinPool.runWorker(ForkJoinPool.java:1692)&#10;	at java.util.concurrent.ForkJoinWorkerThread.run(ForkJoinWorkerThread.java:157)&#10;Caused by: com.android.builder.testing.api.DeviceException: com.android.ddmlib.InstallException: Unknown failure: Error: Could not access the Package Manager.  Is the system running?&#10;	at com.android.builder.testing.ConnectedDevice.installPackage(ConnectedDevice.java:132)&#10;	at com.android.builder.internal.testing.SimpleTestRunnable.run(SimpleTestRunnable.java:140)&#10;	... 6 more&#10;Caused by: com.android.ddmlib.InstallException: Unknown failure: Error: Could not access the Package Manager.  Is the system running?&#10;	at com.android.ddmlib.Device.installRemotePackage(Device.java:1133)&#10;	at com.android.ddmlib.Device.installPackage(Device.java:963)&#10;	at com.android.ddmlib.Device.installPackage(Device.java:939)&#10;	at com.android.ddmlib.Device.installPackage(Device.java:928)&#10;	at com.android.builder.testing.ConnectedDevice.installPackage(ConnectedDevice.java:126)&#10;	... 7 more&#10;&#10;FAILURE: Build failed with an exception.&#10;&#10;* What went wrong:&#10;Execution failed for task ':app:connectedDebugAndroidTest'.&#10;&gt; There were failing tests. See the report at: file:///C:/Users/E5852/Documents/GitHub/NetWork/Retrofit/retrofit_montepio/app/build/reports/androidTests/connected/index.html&#10;&#10;* Try:&#10;Run with --stacktrace option to get the stack trace. Run with --info or --debug option to get more log output. Run with --scan to get full insights.&#10;&#10;* Get more help at https://help.gradle.org&#10;&#10;Deprecated Gradle features were used in this build, making it incompatible with Gradle 6.0.&#10;Use '--warning-mode all' to show the individual deprecation warnings.&#10;See https://docs.gradle.org/5.4.1/userguide/command_line_interface.html#sec:command_line_warnings&#10;&#10;BUILD FAILED in 1m 3s&#10;49 actionable tasks: 24 executed, 25 up-to-date&#10;" />
        
      </testcase>
    
      
      <testcase classname="fastlane.lanes" name="3: slack" time="1.2349663">
        
      </testcase>
    
  </testsuite>
</testsuites>
